<?xml version="1.0" encoding="UTF-8"?>
<coverage generated="1609988460181" clover="3.2.0">
  <project timestamp="1609988460181" name="All files">
    <metrics statements="2" coveredstatements="2" conditionals="0" coveredconditionals="0" methods="0" coveredmethods="0" elements="2" coveredelements="2" complexity="0" loc="2" ncloc="2" packages="1" files="1" classes="1"/>
    <file name="HelloWorld.vue" path="C:\Users\liub09\github\liubei90\demo-vue3-with-ts\src\index\components\HelloWorld.vue">
      <metrics statements="2" coveredstatements="2" conditionals="0" coveredconditionals="0" methods="0" coveredmethods="0"/>
      <line num="38" count="1" type="stmt"/>
      <line num="40" count="1" type="stmt"/>
    </file>
  </project>
</coverage>
